<?xml version="1.0" encoding="UTF-8"?>
<!-- Generated by org.testng.reporters.JUnitReportReporter -->
<testsuite hostname="CL-IT00017" name="com.globantu.automation.giovanna_urrego.tests.Tests" tests="1" failures="0" timestamp="10 Aug 2017 19:14:39 GMT" time="31.517" errors="0">
  <testcase name="travelocitySearch" time="31.517" classname="com.globantu.automation.giovanna_urrego.tests.Tests"/>
</testsuite> <!-- com.globantu.automation.giovanna_urrego.tests.Tests -->
